<?xml version="1.0" encoding="UTF-8"?>
<!-- Generated by org.testng.reporters.JUnitXMLReporter -->
<testsuite ignored="1" hostname="EPINCHEW0001" failures="0" tests="1" name="Default test" time="1.109" errors="0" timestamp="2022-08-11T19:05:32 IST">
  <testcase classname="com.hometask.api.REST_Automation_Task2" name="getWeatherByLocation" time="1.085"/>
  <testcase classname="com.hometask.api.REST_Automation_Task2" name="getWeatherByCoordinates" time="0.0">
    <ignored/>
  </testcase> <!-- getWeatherByCoordinates -->
</testsuite> <!-- Default test -->
