<?xml version="1.0" encoding="UTF-8"?>
<testng-results ignored="0" total="2" passed="2" failed="0" skipped="0">
  <reporter-output>
  </reporter-output>
  <suite started-at="2022-08-11T10:38:36 IST" name="Default suite" finished-at="2022-08-11T10:38:52 IST" duration-ms="15870">
    <groups>
    </groups>
    <test started-at="2022-08-11T10:38:36 IST" name="Default test" finished-at="2022-08-11T10:38:52 IST" duration-ms="15870">
      <class name="com.hometask.framework.Project1">
        <test-method is-config="true" signature="browserLaunch()[pri:0, instance:com.hometask.framework.Project1@6340e5f0]" started-at="2022-08-11T10:38:36 IST" name="browserLaunch" finished-at="2022-08-11T10:38:43 IST" duration-ms="6945" status="PASS">
          <reporter-output>
          </reporter-output>
        </test-method> <!-- browserLaunch -->
        <test-method signature="login()[pri:1, instance:com.hometask.framework.Project1@6340e5f0]" started-at="2022-08-11T10:38:43 IST" name="login" finished-at="2022-08-11T10:38:46 IST" duration-ms="2511" status="PASS">
          <reporter-output>
          </reporter-output>
        </test-method> <!-- login -->
        <test-method signature="newCustomer()[pri:2, instance:com.hometask.framework.Project1@6340e5f0]" started-at="2022-08-11T10:38:46 IST" name="newCustomer" finished-at="2022-08-11T10:38:52 IST" duration-ms="6385" status="PASS">
          <reporter-output>
          </reporter-output>
        </test-method> <!-- newCustomer -->
      </class> <!-- com.hometask.framework.Project1 -->
    </test> <!-- Default test -->
  </suite> <!-- Default suite -->
</testng-results>
