<?xml version="1.0" encoding="UTF-8"?>
<testng-results ignored="1" total="2" passed="1" failed="0" skipped="0">
  <reporter-output>
  </reporter-output>
  <suite started-at="2022-08-11T19:05:31 IST" name="Default suite" finished-at="2022-08-11T19:05:32 IST" duration-ms="1109">
    <groups>
    </groups>
    <test started-at="2022-08-11T19:05:31 IST" name="Default test" finished-at="2022-08-11T19:05:32 IST" duration-ms="1109">
      <class name="com.hometask.api.REST_Automation_Task2">
        <test-method signature="getWeatherByLocation()[pri:0, instance:com.hometask.api.REST_Automation_Task2@20ccf40b]" started-at="2022-08-11T19:05:31 IST" name="getWeatherByLocation" finished-at="2022-08-11T19:05:32 IST" duration-ms="1085" status="PASS">
          <reporter-output>
          </reporter-output>
        </test-method> <!-- getWeatherByLocation -->
      </class> <!-- com.hometask.api.REST_Automation_Task2 -->
    </test> <!-- Default test -->
  </suite> <!-- Default suite -->
</testng-results>
